# JRE version: OpenJDK Runtime Environment (8.0_191-b12) (build 1.8.0_191-8u191-b12-0ubuntu0.18.04.1-b12)
# Java VM: OpenJDK 64-Bit Server VM (25.191-b12 mixed mode linux-amd64 compressed oops)
Heap:
 PSYoungGen      total 68608K, used 49532K [0x00000000eab00000, 0x00000000ef300000, 0x0000000100000000)
  eden space 63488K, 70% used [0x00000000eab00000,0x00000000ed6c7010,0x00000000ee900000)
  from space 5120K, 91% used [0x00000000eee00000,0x00000000ef2981b0,0x00000000ef300000)
  to   space 5120K, 0% used [0x00000000ee900000,0x00000000ee900000,0x00000000eee00000)
 ParOldGen       total 84992K, used 24K [0x00000000c0000000, 0x00000000c5300000, 0x00000000eab00000)
  object space 84992K, 0% used [0x00000000c0000000,0x00000000c0006000,0x00000000c5300000)
 Metaspace       used 13769K, capacity 14052K, committed 14208K, reserved 1060864K
  class space    used 1944K, capacity 2082K, committed 2176K, reserved 1048576K
GC Heap History (4 events):
Event: 0.299 GC heap before
{Heap before GC invocations=1 (full 0):
 PSYoungGen      total 36864K, used 31744K [0x00000000eab00000, 0x00000000ed400000, 0x0000000100000000)
  eden space 31744K, 100% used [0x00000000eab00000,0x00000000eca00000,0x00000000eca00000)
  from space 5120K, 0% used [0x00000000ecf00000,0x00000000ecf00000,0x00000000ed400000)
  to   space 5120K, 0% used [0x00000000eca00000,0x00000000eca00000,0x00000000ecf00000)
 ParOldGen       total 84992K, used 0K [0x00000000c0000000, 0x00000000c5300000, 0x00000000eab00000)
  object space 84992K, 0% used [0x00000000c0000000,0x00000000c0000000,0x00000000c5300000)
 Metaspace       used 6554K, capacity 6704K, committed 6784K, reserved 1056768K
  class space    used 802K, capacity 876K, committed 896K, reserved 1048576K
Event: 0.302 GC heap after
Heap after GC invocations=1 (full 0):
 PSYoungGen      total 36864K, used 4097K [0x00000000eab00000, 0x00000000ef300000, 0x0000000100000000)
  eden space 31744K, 0% used [0x00000000eab00000,0x00000000eab00000,0x00000000eca00000)
  from space 5120K, 80% used [0x00000000eca00000,0x00000000ece00480,0x00000000ecf00000)
  to   space 5120K, 0% used [0x00000000eee00000,0x00000000eee00000,0x00000000ef300000)
 ParOldGen       total 84992K, used 8K [0x00000000c0000000, 0x00000000c5300000, 0x00000000eab00000)
  object space 84992K, 0% used [0x00000000c0000000,0x00000000c0002000,0x00000000c5300000)
 Metaspace       used 6554K, capacity 6704K, committed 6784K, reserved 1056768K
  class space    used 802K, capacity 876K, committed 896K, reserved 1048576K
}
Event: 0.608 GC heap before
{Heap before GC invocations=2 (full 0):
 PSYoungGen      total 36864K, used 35841K [0x00000000eab00000, 0x00000000ef300000, 0x0000000100000000)
  eden space 31744K, 100% used [0x00000000eab00000,0x00000000eca00000,0x00000000eca00000)
  from space 5120K, 80% used [0x00000000eca00000,0x00000000ece00480,0x00000000ecf00000)
  to   space 5120K, 0% used [0x00000000eee00000,0x00000000eee00000,0x00000000ef300000)
 ParOldGen       total 84992K, used 8K [0x00000000c0000000, 0x00000000c5300000, 0x00000000eab00000)
  object space 84992K, 0% used [0x00000000c0000000,0x00000000c0002000,0x00000000c5300000)
 Metaspace       used 9421K, capacity 9636K, committed 9856K, reserved 1058816K
  class space    used 1254K, capacity 1358K, committed 1408K, reserved 1048576K
Event: 0.612 GC heap after
Heap after GC invocations=2 (full 0):
 PSYoungGen      total 68608K, used 4704K [0x00000000eab00000, 0x00000000ef300000, 0x0000000100000000)
  eden space 63488K, 0% used [0x00000000eab00000,0x00000000eab00000,0x00000000ee900000)
  from space 5120K, 91% used [0x00000000eee00000,0x00000000ef2981b0,0x00000000ef300000)
  to   space 5120K, 0% used [0x00000000ee900000,0x00000000ee900000,0x00000000eee00000)
 ParOldGen       total 84992K, used 24K [0x00000000c0000000, 0x00000000c5300000, 0x00000000eab00000)
  object space 84992K, 0% used [0x00000000c0000000,0x00000000c0006000,0x00000000c5300000)
 Metaspace       used 9421K, capacity 9636K, committed 9856K, reserved 1058816K
  class space    used 1254K, capacity 1358K, committed 1408K, reserved 1048576K
}

